 %% PLEASE DO NOT MODIFY OR DELETE THIS FILE! %% 
 %% This file contains information about the installation of an application. %% 
 %% It will be used to automatically remove all application components from your computer if you choose to do so. %% 


NOTE: Beginning of the bootstrapper section

CONFIG: Title: "Contour CDU 2000"

ACTION: TempFile: "C:\WINDOWS\setup1.exe"
(File was not found or was an older version -- new file copied)

ACTION: RegKey: "HKEY_LOCAL_MACHINE\SOFTWARE\Microsoft\Windows\CurrentVersion", "SharedDLLs"

ACTION: SharedFile: "C:\WINDOWS\SYSTEM\VB5StKit.dll"
(File currently on disk was already up to date)

ACTION: SystemFile: "C:\WINDOWS\SYSTEM\MSVBVM50.dll"
(File currently on disk was already up to date)

ACTION: SystemFile: "C:\WINDOWS\SYSTEM\StdOle2.tlb"
(File currently on disk was already up to date)

ACTION: SystemFile: "C:\WINDOWS\SYSTEM\OleAut32.dll"
(File currently on disk was already up to date)

ACTION: SystemFile: "C:\WINDOWS\SYSTEM\OlePro32.dll"
(File currently on disk was already up to date)

ACTION: SystemFile: "C:\WINDOWS\SYSTEM\AsycFilt.dll"
(File currently on disk was already up to date)

NOTE: The file 'Ctl3d32.dll' was not copied because it is intended for use under Windows NT 3.51 only.  It is not needed under Windows 95 or NT 4.0.

ACTION: SystemFile: "C:\WINDOWS\SYSTEM\Ctl3d32.dll"
(File currently on disk was already up to date)

ACTION: SystemFile: "C:\WINDOWS\SYSTEM\ComCat.dll"
(File currently on disk was already up to date)

ACTION: DllSelfRegister: "C:\WINDOWS\SYSTEM\MSVBVM50.dll"

ACTION: TLBRegister: "C:\WINDOWS\SYSTEM\StdOle2.tlb"

ACTION: DllSelfRegister: "C:\WINDOWS\SYSTEM\OleAut32.dll"

ACTION: DllSelfRegister: "C:\WINDOWS\SYSTEM\OlePro32.dll"

ACTION: DllSelfRegister: "C:\WINDOWS\SYSTEM\ComCat.dll"

NOTE: End of the bootstrapper section

NOTE: Now spawning the main Setup program 'C:\WINDOWS\setup1.exe'....

ACTION: ShellFolder: "Contour CDU 2000"

ACTION: SharedFile: "C:\WINDOWS\SYSTEM\COMCTL32.OCX"
(File was not found or was an older version -- new file copied)

ACTION: SharedFile: "C:\WINDOWS\SYSTEM\COMCT232.OCX"
(File was not found or was an older version -- new file copied)

ACTION: SharedFile: "C:\Program Files\Common Files\Microsoft Shared\DAO\DAO350.DLL"
(File currently on disk was already up to date)

ACTION: SystemFile: "C:\WINDOWS\SYSTEM\MSJtEr35.dll"
(File currently on disk was already up to date)

ACTION: SystemFile: "C:\WINDOWS\SYSTEM\MSJInt35.dll"
(File currently on disk was already up to date)

ACTION: SystemFile: "C:\WINDOWS\SYSTEM\MSVCRT40.dll"
(File currently on disk was already up to date)

ACTION: SharedFile: "C:\WINDOWS\SYSTEM\PDQCOM32.OCX"
(File was not found or was an older version -- new file copied)

ACTION: SharedFile: "C:\WINDOWS\SYSTEM\PDQTAPI.OCX"
(File was not found or was an older version -- new file copied)

ACTION: SystemFile: "C:\WINDOWS\SYSTEM\mfc40.dll"
(File currently on disk was already up to date)

ACTION: SharedFile: "C:\WINDOWS\SYSTEM\MSCOMM32.OCX"
(File currently on disk was already up to date)

ACTION: SharedFile: "C:\WINDOWS\SYSTEM\haspvb32.dll"
(File currently on disk was already up to date)

ACTION: SharedFile: "C:\WINDOWS\SYSTEM\32 Bit Security.dll"
(File was not found or was an older version -- new file copied)

ACTION: SharedFile: "C:\WINDOWS\SYSTEM\ContourDes.dll"
(File was not found or was an older version -- new file copied)

ACTION: SharedFile: "C:\WINDOWS\SYSTEM\Prism Security Module.dll"
(File currently on disk was already up to date)

ACTION: SharedFile: "C:\WINDOWS\SYSTEM\ACSR2032.DLL"
(File was not found or was an older version -- new file copied)

ACTION: SharedFile: "C:\WINDOWS\SYSTEM\CVS Mac.dll"
(File currently on disk was already up to date)

ACTION: SystemFile: "C:\WINDOWS\SYSTEM\MSJet35.dll"
(File currently on disk was already up to date)

ACTION: SystemFile: "C:\WINDOWS\SYSTEM\VBAJet32.dll"
(File currently on disk was already up to date)

ACTION: SharedFile: "C:\WINDOWS\SYSTEM\VB5DB.dll"
(File currently on disk was already up to date)

ACTION: SystemFile: "C:\WINDOWS\SYSTEM\MSRD2x35.dll"
(File currently on disk was already up to date)

ACTION: SystemFile: "C:\WINDOWS\SYSTEM\MsRepl35.dll"
(File currently on disk was already up to date)

ACTION: SystemFile: "C:\WINDOWS\SYSTEM\ODBCJt32.dll"
(File currently on disk was already up to date)

ACTION: SystemFile: "C:\WINDOWS\SYSTEM\ODBCJI32.dll"
(File currently on disk was already up to date)

ACTION: SystemFile: "C:\WINDOWS\SYSTEM\ODBCTL32.dll"
(File currently on disk was already up to date)

ACTION: PrivateFile: "C:\Program Files\Contour CDU 2000\ContourCDU.exe"
(File was not found or was an older version -- new file copied)

ACTION: PrivateFile: "C:\Program Files\Contour CDU 2000\UpgradeApp.exe"
(File was not found or was an older version -- new file copied)

ACTION: PrivateFile: "C:\Program Files\Contour CDU 2000\ContourBL.mdb"
(File was not found or was an older version -- new file copied)

ACTION: PrivateFile: "C:\Program Files\Contour CDU 2000\ContourCDU.mdb"
(File was not found or was an older version -- new file copied)

ACTION: PrivateFile: "C:\Program Files\Contour CDU 2000\HINSTALL.EXE"
(File was not found or was an older version -- new file copied)

ACTION: PrivateFile: "C:\Program Files\Contour CDU 2000\OpenTillDrawer.exe"
(File was not found or was an older version -- new file copied)

ACTION: PrivateFile: "C:\Program Files\Contour CDU 2000\system.mdw"
(File was not found or was an older version -- new file copied)

ACTION: PrivateFile: "C:\Program Files\Contour CDU 2000\CDU2000 Configuration.txt"
(File was not found or was an older version -- new file copied)

ACTION: DllSelfRegister: "C:\WINDOWS\SYSTEM\COMCTL32.OCX"

ACTION: DllSelfRegister: "C:\WINDOWS\SYSTEM\COMCT232.OCX"

ACTION: DllSelfRegister: "C:\Program Files\Common Files\Microsoft Shared\DAO\DAO350.DLL"

ACTION: DllSelfRegister: "C:\WINDOWS\SYSTEM\PDQCOM32.OCX"

ACTION: DllSelfRegister: "C:\WINDOWS\SYSTEM\PDQTAPI.OCX"

ACTION: DllSelfRegister: "C:\WINDOWS\SYSTEM\MSCOMM32.OCX"

ACTION: DllSelfRegister: "C:\WINDOWS\SYSTEM\MSJet35.dll"

ACTION: ShellLink: "Contour CDU 2000", "Contour CDU 2000"

ACTION: ShellLink: "Contour CDU 2000", "Contour CDU 2000"

ACTION: RegKey: "HKEY_LOCAL_MACHINE\SOFTWARE\Microsoft\Windows\CurrentVersion", "App Paths\ContourCDU.exe"

ACTION: RegValue: "HKEY_LOCAL_MACHINE\SOFTWARE\Microsoft\Windows\CurrentVersion\App Paths\ContourCDU.exe", ""

